TN:
SF:src/funko/funko.ts
FN:8,(anonymous_0)
FN:17,(anonymous_1)
FN:55,(anonymous_2)
FN:73,(anonymous_3)
FN:82,(anonymous_4)
FN:91,(anonymous_5)
FN:100,(anonymous_6)
FN:109,(anonymous_7)
FN:118,(anonymous_8)
FN:127,(anonymous_9)
FN:136,(anonymous_10)
FN:145,(anonymous_11)
FN:154,(anonymous_12)
FN:163,(anonymous_13)
FN:172,(anonymous_14)
FN:181,(anonymous_15)
FN:190,(anonymous_16)
FN:199,(anonymous_17)
FN:208,(anonymous_18)
FN:217,(anonymous_19)
FN:226,(anonymous_20)
FN:235,(anonymous_21)
FN:244,(anonymous_22)
FN:253,(anonymous_23)
FNF:24
FNH:24
FNDA:1,(anonymous_0)
FNDA:1,(anonymous_1)
FNDA:1,(anonymous_2)
FNDA:2,(anonymous_3)
FNDA:1,(anonymous_4)
FNDA:2,(anonymous_5)
FNDA:1,(anonymous_6)
FNDA:2,(anonymous_7)
FNDA:1,(anonymous_8)
FNDA:2,(anonymous_9)
FNDA:1,(anonymous_10)
FNDA:2,(anonymous_11)
FNDA:1,(anonymous_12)
FNDA:2,(anonymous_13)
FNDA:1,(anonymous_14)
FNDA:2,(anonymous_15)
FNDA:1,(anonymous_16)
FNDA:2,(anonymous_17)
FNDA:1,(anonymous_18)
FNDA:2,(anonymous_19)
FNDA:1,(anonymous_20)
FNDA:2,(anonymous_21)
FNDA:4,(anonymous_22)
FNDA:4,(anonymous_23)
DA:1,1
DA:8,1
DA:9,1
DA:17,1
DA:18,1
DA:19,1
DA:29,1
DA:56,1
DA:57,1
DA:58,1
DA:59,1
DA:60,1
DA:61,1
DA:62,1
DA:63,1
DA:64,1
DA:65,1
DA:74,2
DA:83,1
DA:92,2
DA:101,1
DA:110,2
DA:119,1
DA:128,2
DA:137,1
DA:146,2
DA:155,1
DA:164,2
DA:173,1
DA:182,2
DA:191,1
DA:200,2
DA:209,1
DA:218,2
DA:227,1
DA:236,2
DA:245,4
DA:254,4
DA:255,4
DA:265,4
DA:266,1
DA:269,4
DA:270,1
DA:273,4
DA:274,1
DA:277,4
DA:278,1
DA:281,4
LF:48
LH:48
BRDA:8,0,0,1
BRDA:8,0,1,1
BRDA:17,1,0,1
BRDA:17,1,1,1
BRDA:265,2,0,1
BRDA:265,2,1,3
BRDA:269,3,0,1
BRDA:269,3,1,3
BRDA:269,4,0,4
BRDA:269,4,1,3
BRDA:273,5,0,1
BRDA:273,5,1,3
BRDA:273,6,0,4
BRDA:273,6,1,2
BRDA:277,7,0,1
BRDA:277,7,1,3
BRF:16
BRH:16
end_of_record
