TN:
SF:src/funko-pops/funko.ts
FN:3,(anonymous_0)
FN:10,(anonymous_1)
FN:34,(anonymous_2)
FN:47,(anonymous_3)
FN:51,(anonymous_4)
FN:55,(anonymous_5)
FN:59,(anonymous_6)
FN:63,(anonymous_7)
FN:67,(anonymous_8)
FN:71,(anonymous_9)
FN:75,(anonymous_10)
FN:79,(anonymous_11)
FN:83,(anonymous_12)
FN:87,(anonymous_13)
FN:91,(anonymous_14)
FN:95,(anonymous_15)
FN:99,(anonymous_16)
FN:103,(anonymous_17)
FN:107,(anonymous_18)
FN:111,(anonymous_19)
FN:115,(anonymous_20)
FN:119,(anonymous_21)
FN:123,(anonymous_22)
FN:127,(anonymous_23)
FNF:24
FNH:24
FNDA:1,(anonymous_0)
FNDA:1,(anonymous_1)
FNDA:1,(anonymous_2)
FNDA:2,(anonymous_3)
FNDA:1,(anonymous_4)
FNDA:2,(anonymous_5)
FNDA:1,(anonymous_6)
FNDA:2,(anonymous_7)
FNDA:1,(anonymous_8)
FNDA:2,(anonymous_9)
FNDA:1,(anonymous_10)
FNDA:2,(anonymous_11)
FNDA:1,(anonymous_12)
FNDA:2,(anonymous_13)
FNDA:1,(anonymous_14)
FNDA:2,(anonymous_15)
FNDA:1,(anonymous_16)
FNDA:2,(anonymous_17)
FNDA:1,(anonymous_18)
FNDA:2,(anonymous_19)
FNDA:1,(anonymous_20)
FNDA:2,(anonymous_21)
FNDA:4,(anonymous_22)
FNDA:4,(anonymous_23)
DA:1,1
DA:3,1
DA:4,1
DA:5,1
DA:6,1
DA:7,1
DA:10,1
DA:11,1
DA:12,1
DA:13,1
DA:14,1
DA:15,1
DA:16,1
DA:21,1
DA:35,1
DA:36,1
DA:37,1
DA:38,1
DA:39,1
DA:40,1
DA:41,1
DA:42,1
DA:43,1
DA:44,1
DA:48,2
DA:52,1
DA:56,2
DA:60,1
DA:64,2
DA:68,1
DA:72,2
DA:76,1
DA:80,2
DA:84,1
DA:88,2
DA:92,1
DA:96,2
DA:100,1
DA:104,2
DA:108,1
DA:112,2
DA:116,1
DA:120,2
DA:124,4
DA:128,4
DA:129,4
DA:139,4
DA:140,1
DA:143,4
DA:144,1
DA:147,4
DA:148,1
DA:151,4
DA:152,1
DA:155,4
LF:55
LH:55
BRDA:3,0,0,1
BRDA:3,0,1,1
BRDA:10,1,0,1
BRDA:10,1,1,1
BRDA:139,2,0,1
BRDA:139,2,1,3
BRDA:143,3,0,1
BRDA:143,3,1,3
BRDA:143,4,0,4
BRDA:143,4,1,3
BRDA:147,5,0,1
BRDA:147,5,1,3
BRDA:147,6,0,4
BRDA:147,6,1,2
BRDA:151,7,0,1
BRDA:151,7,1,3
BRDA:151,8,0,4
BRDA:151,8,1,1
BRF:18
BRH:18
end_of_record
